# JRE version: Java(TM) SE Runtime Environment (8.0_102-b14) (build 1.8.0_102-b14)
# Java VM: Java HotSpot(TM) 64-Bit Server VM (25.102-b14 mixed mode windows-amd64 compressed oops)
Heap:
 PSYoungGen      total 395776K, used 180463K [0x0000000780580000, 0x00000007a7080000, 0x00000007c0000000)
  eden space 370176K, 48% used [0x0000000780580000,0x000000078b5bbea0,0x0000000796f00000)
  from space 25600K, 0% used [0x0000000796f00000,0x0000000796f00000,0x0000000798800000)
  to   space 31744K, 0% used [0x00000007a5180000,0x00000007a5180000,0x00000007a7080000)
 ParOldGen       total 140288K, used 65207K [0x0000000701000000, 0x0000000709900000, 0x0000000780580000)
  object space 140288K, 46% used [0x0000000701000000,0x0000000704fade20,0x0000000709900000)
 Metaspace       used 70918K, capacity 73456K, committed 73600K, reserved 1114112K
  class space    used 9285K, capacity 9813K, committed 9856K, reserved 1048576K
GC Heap History (10 events):
Event: 11.771 GC heap before
{Heap before GC invocations=8 (full 1):
 PSYoungGen      total 212992K, used 196096K [0x0000000780580000, 0x000000078e780000, 0x00000007c0000000)
  eden space 196096K, 100% used [0x0000000780580000,0x000000078c500000,0x000000078c500000)
  from space 16896K, 0% used [0x000000078d600000,0x000000078d600000,0x000000078e680000)
  to   space 17408K, 0% used [0x000000078c500000,0x000000078c500000,0x000000078d600000)
 ParOldGen       total 82432K, used 20750K [0x0000000701000000, 0x0000000706080000, 0x0000000780580000)
  object space 82432K, 25% used [0x0000000701000000,0x0000000702443878,0x0000000706080000)
 Metaspace       used 34320K, capacity 35302K, committed 35496K, reserved 1081344K
  class space    used 4287K, capacity 4578K, committed 4608K, reserved 1048576K
Event: 11.795 GC heap after
Heap after GC invocations=8 (full 1):
 PSYoungGen      total 213504K, used 17382K [0x0000000780580000, 0x000000079a080000, 0x00000007c0000000)
  eden space 196096K, 0% used [0x0000000780580000,0x0000000780580000,0x000000078c500000)
  from space 17408K, 99% used [0x000000078c500000,0x000000078d5f9af8,0x000000078d600000)
  to   space 25088K, 0% used [0x0000000798800000,0x0000000798800000,0x000000079a080000)
 ParOldGen       total 82432K, used 31964K [0x0000000701000000, 0x0000000706080000, 0x0000000780580000)
  object space 82432K, 38% used [0x0000000701000000,0x0000000702f373d0,0x0000000706080000)
 Metaspace       used 34320K, capacity 35302K, committed 35496K, reserved 1081344K
  class space    used 4287K, capacity 4578K, committed 4608K, reserved 1048576K
}
Event: 11.805 GC heap before
{Heap before GC invocations=9 (full 1):
 PSYoungGen      total 213504K, used 24359K [0x0000000780580000, 0x000000079a080000, 0x00000007c0000000)
  eden space 196096K, 3% used [0x0000000780580000,0x0000000780c50310,0x000000078c500000)
  from space 17408K, 99% used [0x000000078c500000,0x000000078d5f9af8,0x000000078d600000)
  to   space 25088K, 0% used [0x0000000798800000,0x0000000798800000,0x000000079a080000)
 ParOldGen       total 82432K, used 31964K [0x0000000701000000, 0x0000000706080000, 0x0000000780580000)
  object space 82432K, 38% used [0x0000000701000000,0x0000000702f373d0,0x0000000706080000)
 Metaspace       used 34447K, capacity 35366K, committed 35496K, reserved 1081344K
  class space    used 4295K, capacity 4578K, committed 4608K, reserved 1048576K
Event: 11.820 GC heap after
Heap after GC invocations=9 (full 1):
 PSYoungGen      total 395264K, used 17371K [0x0000000780580000, 0x000000079a980000, 0x00000007c0000000)
  eden space 370176K, 0% used [0x0000000780580000,0x0000000780580000,0x0000000796f00000)
  from space 25088K, 69% used [0x0000000798800000,0x00000007998f6f00,0x000000079a080000)
  to   space 25600K, 0% used [0x0000000796f00000,0x0000000796f00000,0x0000000798800000)
 ParOldGen       total 82432K, used 31972K [0x0000000701000000, 0x0000000706080000, 0x0000000780580000)
  object space 82432K, 38% used [0x0000000701000000,0x0000000702f393d0,0x0000000706080000)
 Metaspace       used 34447K, capacity 35366K, committed 35496K, reserved 1081344K
  class space    used 4295K, capacity 4578K, committed 4608K, reserved 1048576K
}
Event: 11.820 GC heap before
{Heap before GC invocations=10 (full 2):
 PSYoungGen      total 395264K, used 17371K [0x0000000780580000, 0x000000079a980000, 0x00000007c0000000)
  eden space 370176K, 0% used [0x0000000780580000,0x0000000780580000,0x0000000796f00000)
  from space 25088K, 69% used [0x0000000798800000,0x00000007998f6f00,0x000000079a080000)
  to   space 25600K, 0% used [0x0000000796f00000,0x0000000796f00000,0x0000000798800000)
 ParOldGen       total 82432K, used 31972K [0x0000000701000000, 0x0000000706080000, 0x0000000780580000)
  object space 82432K, 38% used [0x0000000701000000,0x0000000702f393d0,0x0000000706080000)
 Metaspace       used 34447K, capacity 35366K, committed 35496K, reserved 1081344K
  class space    used 4295K, capacity 4578K, committed 4608K, reserved 1048576K
Event: 11.937 GC heap after
Heap after GC invocations=10 (full 2):
 PSYoungGen      total 395264K, used 0K [0x0000000780580000, 0x000000079a980000, 0x00000007c0000000)
  eden space 370176K, 0% used [0x0000000780580000,0x0000000780580000,0x0000000796f00000)
  from space 25088K, 0% used [0x0000000798800000,0x0000000798800000,0x000000079a080000)
  to   space 25600K, 0% used [0x0000000796f00000,0x0000000796f00000,0x0000000798800000)
 ParOldGen       total 105472K, used 35976K [0x0000000701000000, 0x0000000707700000, 0x0000000780580000)
  object space 105472K, 34% used [0x0000000701000000,0x0000000703322230,0x0000000707700000)
 Metaspace       used 34447K, capacity 35366K, committed 35496K, reserved 1081344K
  class space    used 4295K, capacity 4578K, committed 4608K, reserved 1048576K
}
Event: 16.318 GC heap before
{Heap before GC invocations=11 (full 2):
 PSYoungGen      total 395264K, used 326249K [0x0000000780580000, 0x000000079a980000, 0x00000007c0000000)
  eden space 370176K, 88% used [0x0000000780580000,0x000000079441a790,0x0000000796f00000)
  from space 25088K, 0% used [0x0000000798800000,0x0000000798800000,0x000000079a080000)
  to   space 25600K, 0% used [0x0000000796f00000,0x0000000796f00000,0x0000000798800000)
 ParOldGen       total 105472K, used 35976K [0x0000000701000000, 0x0000000707700000, 0x0000000780580000)
  object space 105472K, 34% used [0x0000000701000000,0x0000000703322230,0x0000000707700000)
 Metaspace       used 56983K, capacity 58894K, committed 59136K, reserved 1101824K
  class space    used 7245K, capacity 7678K, committed 7680K, reserved 1048576K
Event: 16.347 GC heap after
Heap after GC invocations=11 (full 2):
 PSYoungGen      total 395776K, used 25595K [0x0000000780580000, 0x00000007a7080000, 0x00000007c0000000)
  eden space 370176K, 0% used [0x0000000780580000,0x0000000780580000,0x0000000796f00000)
  from space 25600K, 99% used [0x0000000796f00000,0x00000007987fecf8,0x0000000798800000)
  to   space 31744K, 0% used [0x00000007a5180000,0x00000007a5180000,0x00000007a7080000)
 ParOldGen       total 105472K, used 43256K [0x0000000701000000, 0x0000000707700000, 0x0000000780580000)
  object space 105472K, 41% used [0x0000000701000000,0x0000000703a3e398,0x0000000707700000)
 Metaspace       used 56983K, capacity 58894K, committed 59136K, reserved 1101824K
  class space    used 7245K, capacity 7678K, committed 7680K, reserved 1048576K
}
Event: 16.347 GC heap before
{Heap before GC invocations=12 (full 3):
 PSYoungGen      total 395776K, used 25595K [0x0000000780580000, 0x00000007a7080000, 0x00000007c0000000)
  eden space 370176K, 0% used [0x0000000780580000,0x0000000780580000,0x0000000796f00000)
  from space 25600K, 99% used [0x0000000796f00000,0x00000007987fecf8,0x0000000798800000)
  to   space 31744K, 0% used [0x00000007a5180000,0x00000007a5180000,0x00000007a7080000)
 ParOldGen       total 105472K, used 43256K [0x0000000701000000, 0x0000000707700000, 0x0000000780580000)
  object space 105472K, 41% used [0x0000000701000000,0x0000000703a3e398,0x0000000707700000)
 Metaspace       used 56983K, capacity 58894K, committed 59136K, reserved 1101824K
  class space    used 7245K, capacity 7678K, committed 7680K, reserved 1048576K
Event: 16.546 GC heap after
Heap after GC invocations=12 (full 3):
 PSYoungGen      total 395776K, used 0K [0x0000000780580000, 0x00000007a7080000, 0x00000007c0000000)
  eden space 370176K, 0% used [0x0000000780580000,0x0000000780580000,0x0000000796f00000)
  from space 25600K, 0% used [0x0000000796f00000,0x0000000796f00000,0x0000000798800000)
  to   space 31744K, 0% used [0x00000007a5180000,0x00000007a5180000,0x00000007a7080000)
 ParOldGen       total 140288K, used 65207K [0x0000000701000000, 0x0000000709900000, 0x0000000780580000)
  object space 140288K, 46% used [0x0000000701000000,0x0000000704fade20,0x0000000709900000)
 Metaspace       used 56983K, capacity 58894K, committed 59136K, reserved 1101824K
  class space    used 7245K, capacity 7678K, committed 7680K, reserved 1048576K
}

